<?xml version="1.0" encoding="UTF-8"?>
<testsuite xmlns:xsi="http://www.w3.org/2001/XMLSchema-instance" xsi:noNamespaceSchemaLocation="https://maven.apache.org/surefire/maven-surefire-plugin/xsd/surefire-test-report-3.0.xsd" version="3.0" name="com.ifsp.task.controller.TaskControllerTest" time="0.542" tests="2" errors="0" skipped="0" failures="0">
  <properties>
    <property name="java.specification.version" value="17"/>
    <property name="sun.jnu.encoding" value="UTF-8"/>
    <property name="java.class.path" value="/home/tmribeiro/Documentos/ifsp-2025/GRUAPIM/taskApi/target/test-classes:/home/tmribeiro/Documentos/ifsp-2025/GRUAPIM/taskApi/target/classes:/home/tmribeiro/.m2/repository/org/springframework/boot/spring-boot-starter-data-jpa/3.4.4/spring-boot-starter-data-jpa-3.4.4.jar:/home/tmribeiro/.m2/repository/org/springframework/boot/spring-boot-starter/3.4.4/spring-boot-starter-3.4.4.jar:/home/tmribeiro/.m2/repository/org/springframework/boot/spring-boot-starter-logging/3.4.4/spring-boot-starter-logging-3.4.4.jar:/home/tmribeiro/.m2/repository/ch/qos/logback/logback-classic/1.5.18/logback-classic-1.5.18.jar:/home/tmribeiro/.m2/repository/ch/qos/logback/logback-core/1.5.18/logback-core-1.5.18.jar:/home/tmribeiro/.m2/repository/org/apache/logging/log4j/log4j-to-slf4j/2.24.3/log4j-to-slf4j-2.24.3.jar:/home/tmribeiro/.m2/repository/org/apache/logging/log4j/log4j-api/2.24.3/log4j-api-2.24.3.jar:/home/tmribeiro/.m2/repository/org/slf4j/jul-to-slf4j/2.0.17/jul-to-slf4j-2.0.17.jar:/home/tmribeiro/.m2/repository/jakarta/annotation/jakarta.annotation-api/2.1.1/jakarta.annotation-api-2.1.1.jar:/home/tmribeiro/.m2/repository/org/yaml/snakeyaml/2.3/snakeyaml-2.3.jar:/home/tmribeiro/.m2/repository/org/springframework/boot/spring-boot-starter-jdbc/3.4.4/spring-boot-starter-jdbc-3.4.4.jar:/home/tmribeiro/.m2/repository/com/zaxxer/HikariCP/5.1.0/HikariCP-5.1.0.jar:/home/tmribeiro/.m2/repository/org/springframework/spring-jdbc/6.2.5/spring-jdbc-6.2.5.jar:/home/tmribeiro/.m2/repository/org/hibernate/orm/hibernate-core/6.6.11.Final/hibernate-core-6.6.11.Final.jar:/home/tmribeiro/.m2/repository/jakarta/persistence/jakarta.persistence-api/3.1.0/jakarta.persistence-api-3.1.0.jar:/home/tmribeiro/.m2/repository/jakarta/transaction/jakarta.transaction-api/2.0.1/jakarta.transaction-api-2.0.1.jar:/home/tmribeiro/.m2/repository/org/hibernate/common/hibernate-commons-annotations/7.0.3.Final/hibernate-commons-annotations-7.0.3.Final.jar:/home/tmribeiro/.m2/repository/io/smallrye/jandex/3.2.0/jandex-3.2.0.jar:/home/tmribeiro/.m2/repository/org/glassfish/jaxb/jaxb-runtime/4.0.5/jaxb-runtime-4.0.5.jar:/home/tmribeiro/.m2/repository/org/glassfish/jaxb/jaxb-core/4.0.5/jaxb-core-4.0.5.jar:/home/tmribeiro/.m2/repository/org/eclipse/angus/angus-activation/2.0.2/angus-activation-2.0.2.jar:/home/tmribeiro/.m2/repository/org/glassfish/jaxb/txw2/4.0.5/txw2-4.0.5.jar:/home/tmribeiro/.m2/repository/com/sun/istack/istack-commons-runtime/4.1.2/istack-commons-runtime-4.1.2.jar:/home/tmribeiro/.m2/repository/jakarta/inject/jakarta.inject-api/2.0.1/jakarta.inject-api-2.0.1.jar:/home/tmribeiro/.m2/repository/org/antlr/antlr4-runtime/4.13.0/antlr4-runtime-4.13.0.jar:/home/tmribeiro/.m2/repository/org/springframework/data/spring-data-jpa/3.4.4/spring-data-jpa-3.4.4.jar:/home/tmribeiro/.m2/repository/org/springframework/data/spring-data-commons/3.4.4/spring-data-commons-3.4.4.jar:/home/tmribeiro/.m2/repository/org/springframework/spring-orm/6.2.5/spring-orm-6.2.5.jar:/home/tmribeiro/.m2/repository/org/springframework/spring-context/6.2.5/spring-context-6.2.5.jar:/home/tmribeiro/.m2/repository/org/springframework/spring-aop/6.2.5/spring-aop-6.2.5.jar:/home/tmribeiro/.m2/repository/org/springframework/spring-tx/6.2.5/spring-tx-6.2.5.jar:/home/tmribeiro/.m2/repository/org/springframework/spring-beans/6.2.5/spring-beans-6.2.5.jar:/home/tmribeiro/.m2/repository/org/slf4j/slf4j-api/2.0.17/slf4j-api-2.0.17.jar:/home/tmribeiro/.m2/repository/org/springframework/spring-aspects/6.2.5/spring-aspects-6.2.5.jar:/home/tmribeiro/.m2/repository/org/aspectj/aspectjweaver/1.9.23/aspectjweaver-1.9.23.jar:/home/tmribeiro/.m2/repository/org/springframework/boot/spring-boot-starter-web/3.4.4/spring-boot-starter-web-3.4.4.jar:/home/tmribeiro/.m2/repository/org/springframework/boot/spring-boot-starter-json/3.4.4/spring-boot-starter-json-3.4.4.jar:/home/tmribeiro/.m2/repository/com/fasterxml/jackson/core/jackson-databind/2.18.3/jackson-databind-2.18.3.jar:/home/tmribeiro/.m2/repository/com/fasterxml/jackson/core/jackson-annotations/2.18.3/jackson-annotations-2.18.3.jar:/home/tmribeiro/.m2/repository/com/fasterxml/jackson/core/jackson-core/2.18.3/jackson-core-2.18.3.jar:/home/tmribeiro/.m2/repository/com/fasterxml/jackson/datatype/jackson-datatype-jdk8/2.18.3/jackson-datatype-jdk8-2.18.3.jar:/home/tmribeiro/.m2/repository/com/fasterxml/jackson/datatype/jackson-datatype-jsr310/2.18.3/jackson-datatype-jsr310-2.18.3.jar:/home/tmribeiro/.m2/repository/com/fasterxml/jackson/module/jackson-module-parameter-names/2.18.3/jackson-module-parameter-names-2.18.3.jar:/home/tmribeiro/.m2/repository/org/springframework/boot/spring-boot-starter-tomcat/3.4.4/spring-boot-starter-tomcat-3.4.4.jar:/home/tmribeiro/.m2/repository/org/apache/tomcat/embed/tomcat-embed-core/10.1.39/tomcat-embed-core-10.1.39.jar:/home/tmribeiro/.m2/repository/org/apache/tomcat/embed/tomcat-embed-websocket/10.1.39/tomcat-embed-websocket-10.1.39.jar:/home/tmribeiro/.m2/repository/org/springframework/spring-web/6.2.5/spring-web-6.2.5.jar:/home/tmribeiro/.m2/repository/io/micrometer/micrometer-observation/1.14.5/micrometer-observation-1.14.5.jar:/home/tmribeiro/.m2/repository/io/micrometer/micrometer-commons/1.14.5/micrometer-commons-1.14.5.jar:/home/tmribeiro/.m2/repository/org/springframework/spring-webmvc/6.2.5/spring-webmvc-6.2.5.jar:/home/tmribeiro/.m2/repository/org/springframework/spring-expression/6.2.5/spring-expression-6.2.5.jar:/home/tmribeiro/.m2/repository/org/springframework/boot/spring-boot-starter-validation/3.4.4/spring-boot-starter-validation-3.4.4.jar:/home/tmribeiro/.m2/repository/org/apache/tomcat/embed/tomcat-embed-el/10.1.39/tomcat-embed-el-10.1.39.jar:/home/tmribeiro/.m2/repository/org/springframework/boot/spring-boot-starter-test/3.4.4/spring-boot-starter-test-3.4.4.jar:/home/tmribeiro/.m2/repository/org/springframework/boot/spring-boot-test/3.4.4/spring-boot-test-3.4.4.jar:/home/tmribeiro/.m2/repository/org/springframework/boot/spring-boot-test-autoconfigure/3.4.4/spring-boot-test-autoconfigure-3.4.4.jar:/home/tmribeiro/.m2/repository/com/jayway/jsonpath/json-path/2.9.0/json-path-2.9.0.jar:/home/tmribeiro/.m2/repository/jakarta/xml/bind/jakarta.xml.bind-api/4.0.2/jakarta.xml.bind-api-4.0.2.jar:/home/tmribeiro/.m2/repository/jakarta/activation/jakarta.activation-api/2.1.3/jakarta.activation-api-2.1.3.jar:/home/tmribeiro/.m2/repository/net/minidev/json-smart/2.5.2/json-smart-2.5.2.jar:/home/tmribeiro/.m2/repository/net/minidev/accessors-smart/2.5.2/accessors-smart-2.5.2.jar:/home/tmribeiro/.m2/repository/org/ow2/asm/asm/9.7.1/asm-9.7.1.jar:/home/tmribeiro/.m2/repository/org/assertj/assertj-core/3.26.3/assertj-core-3.26.3.jar:/home/tmribeiro/.m2/repository/org/awaitility/awaitility/4.2.2/awaitility-4.2.2.jar:/home/tmribeiro/.m2/repository/org/hamcrest/hamcrest/2.2/hamcrest-2.2.jar:/home/tmribeiro/.m2/repository/org/junit/jupiter/junit-jupiter/5.11.4/junit-jupiter-5.11.4.jar:/home/tmribeiro/.m2/repository/org/junit/jupiter/junit-jupiter-api/5.11.4/junit-jupiter-api-5.11.4.jar:/home/tmribeiro/.m2/repository/org/opentest4j/opentest4j/1.3.0/opentest4j-1.3.0.jar:/home/tmribeiro/.m2/repository/org/junit/platform/junit-platform-commons/1.11.4/junit-platform-commons-1.11.4.jar:/home/tmribeiro/.m2/repository/org/apiguardian/apiguardian-api/1.1.2/apiguardian-api-1.1.2.jar:/home/tmribeiro/.m2/repository/org/junit/jupiter/junit-jupiter-params/5.11.4/junit-jupiter-params-5.11.4.jar:/home/tmribeiro/.m2/repository/org/junit/jupiter/junit-jupiter-engine/5.11.4/junit-jupiter-engine-5.11.4.jar:/home/tmribeiro/.m2/repository/org/junit/platform/junit-platform-engine/1.11.4/junit-platform-engine-1.11.4.jar:/home/tmribeiro/.m2/repository/org/mockito/mockito-junit-jupiter/5.14.2/mockito-junit-jupiter-5.14.2.jar:/home/tmribeiro/.m2/repository/org/skyscreamer/jsonassert/1.5.3/jsonassert-1.5.3.jar:/home/tmribeiro/.m2/repository/com/vaadin/external/google/android-json/0.0.20131108.vaadin1/android-json-0.0.20131108.vaadin1.jar:/home/tmribeiro/.m2/repository/org/springframework/spring-core/6.2.5/spring-core-6.2.5.jar:/home/tmribeiro/.m2/repository/org/springframework/spring-jcl/6.2.5/spring-jcl-6.2.5.jar:/home/tmribeiro/.m2/repository/org/springframework/spring-test/6.2.5/spring-test-6.2.5.jar:/home/tmribeiro/.m2/repository/org/xmlunit/xmlunit-core/2.10.0/xmlunit-core-2.10.0.jar:/home/tmribeiro/.m2/repository/com/h2database/h2/2.3.232/h2-2.3.232.jar:/home/tmribeiro/.m2/repository/org/postgresql/postgresql/42.7.5/postgresql-42.7.5.jar:/home/tmribeiro/.m2/repository/org/checkerframework/checker-qual/3.48.3/checker-qual-3.48.3.jar:/home/tmribeiro/.m2/repository/org/projectlombok/lombok/1.18.36/lombok-1.18.36.jar:/home/tmribeiro/.m2/repository/org/modelmapper/modelmapper/3.1.1/modelmapper-3.1.1.jar:/home/tmribeiro/.m2/repository/org/hibernate/validator/hibernate-validator/8.0.0.Final/hibernate-validator-8.0.0.Final.jar:/home/tmribeiro/.m2/repository/jakarta/validation/jakarta.validation-api/3.0.2/jakarta.validation-api-3.0.2.jar:/home/tmribeiro/.m2/repository/org/jboss/logging/jboss-logging/3.6.1.Final/jboss-logging-3.6.1.Final.jar:/home/tmribeiro/.m2/repository/com/fasterxml/classmate/1.7.0/classmate-1.7.0.jar:/home/tmribeiro/.m2/repository/org/mockito/mockito-core/4.0.0/mockito-core-4.0.0.jar:/home/tmribeiro/.m2/repository/net/bytebuddy/byte-buddy/1.15.11/byte-buddy-1.15.11.jar:/home/tmribeiro/.m2/repository/net/bytebuddy/byte-buddy-agent/1.15.11/byte-buddy-agent-1.15.11.jar:/home/tmribeiro/.m2/repository/org/objenesis/objenesis/3.2/objenesis-3.2.jar:/home/tmribeiro/.m2/repository/org/springframework/boot/spring-boot-devtools/3.4.4/spring-boot-devtools-3.4.4.jar:/home/tmribeiro/.m2/repository/org/springframework/boot/spring-boot/3.4.4/spring-boot-3.4.4.jar:/home/tmribeiro/.m2/repository/org/springframework/boot/spring-boot-autoconfigure/3.4.4/spring-boot-autoconfigure-3.4.4.jar:"/>
    <property name="java.vm.vendor" value="Ubuntu"/>
    <property name="sun.arch.data.model" value="64"/>
    <property name="java.vendor.url" value="https://ubuntu.com/"/>
    <property name="user.timezone" value="America/Sao_Paulo"/>
    <property name="org.jboss.logging.provider" value="slf4j"/>
    <property name="os.name" value="Linux"/>
    <property name="java.vm.specification.version" value="17"/>
    <property name="sun.java.launcher" value="SUN_STANDARD"/>
    <property name="user.country" value="BR"/>
    <property name="sun.boot.library.path" value="/usr/lib/jvm/java-17-openjdk-amd64/lib"/>
    <property name="sun.java.command" value="/home/tmribeiro/Documentos/ifsp-2025/GRUAPIM/taskApi/target/surefire/surefirebooter-20250423181021149_3.jar /home/tmribeiro/Documentos/ifsp-2025/GRUAPIM/taskApi/target/surefire 2025-04-23T18-10-20_878-jvmRun1 surefire-20250423181021149_1tmp surefire_0-20250423181021149_2tmp"/>
    <property name="jdk.debug" value="release"/>
    <property name="surefire.test.class.path" value="/home/tmribeiro/Documentos/ifsp-2025/GRUAPIM/taskApi/target/test-classes:/home/tmribeiro/Documentos/ifsp-2025/GRUAPIM/taskApi/target/classes:/home/tmribeiro/.m2/repository/org/springframework/boot/spring-boot-starter-data-jpa/3.4.4/spring-boot-starter-data-jpa-3.4.4.jar:/home/tmribeiro/.m2/repository/org/springframework/boot/spring-boot-starter/3.4.4/spring-boot-starter-3.4.4.jar:/home/tmribeiro/.m2/repository/org/springframework/boot/spring-boot-starter-logging/3.4.4/spring-boot-starter-logging-3.4.4.jar:/home/tmribeiro/.m2/repository/ch/qos/logback/logback-classic/1.5.18/logback-classic-1.5.18.jar:/home/tmribeiro/.m2/repository/ch/qos/logback/logback-core/1.5.18/logback-core-1.5.18.jar:/home/tmribeiro/.m2/repository/org/apache/logging/log4j/log4j-to-slf4j/2.24.3/log4j-to-slf4j-2.24.3.jar:/home/tmribeiro/.m2/repository/org/apache/logging/log4j/log4j-api/2.24.3/log4j-api-2.24.3.jar:/home/tmribeiro/.m2/repository/org/slf4j/jul-to-slf4j/2.0.17/jul-to-slf4j-2.0.17.jar:/home/tmribeiro/.m2/repository/jakarta/annotation/jakarta.annotation-api/2.1.1/jakarta.annotation-api-2.1.1.jar:/home/tmribeiro/.m2/repository/org/yaml/snakeyaml/2.3/snakeyaml-2.3.jar:/home/tmribeiro/.m2/repository/org/springframework/boot/spring-boot-starter-jdbc/3.4.4/spring-boot-starter-jdbc-3.4.4.jar:/home/tmribeiro/.m2/repository/com/zaxxer/HikariCP/5.1.0/HikariCP-5.1.0.jar:/home/tmribeiro/.m2/repository/org/springframework/spring-jdbc/6.2.5/spring-jdbc-6.2.5.jar:/home/tmribeiro/.m2/repository/org/hibernate/orm/hibernate-core/6.6.11.Final/hibernate-core-6.6.11.Final.jar:/home/tmribeiro/.m2/repository/jakarta/persistence/jakarta.persistence-api/3.1.0/jakarta.persistence-api-3.1.0.jar:/home/tmribeiro/.m2/repository/jakarta/transaction/jakarta.transaction-api/2.0.1/jakarta.transaction-api-2.0.1.jar:/home/tmribeiro/.m2/repository/org/hibernate/common/hibernate-commons-annotations/7.0.3.Final/hibernate-commons-annotations-7.0.3.Final.jar:/home/tmribeiro/.m2/repository/io/smallrye/jandex/3.2.0/jandex-3.2.0.jar:/home/tmribeiro/.m2/repository/org/glassfish/jaxb/jaxb-runtime/4.0.5/jaxb-runtime-4.0.5.jar:/home/tmribeiro/.m2/repository/org/glassfish/jaxb/jaxb-core/4.0.5/jaxb-core-4.0.5.jar:/home/tmribeiro/.m2/repository/org/eclipse/angus/angus-activation/2.0.2/angus-activation-2.0.2.jar:/home/tmribeiro/.m2/repository/org/glassfish/jaxb/txw2/4.0.5/txw2-4.0.5.jar:/home/tmribeiro/.m2/repository/com/sun/istack/istack-commons-runtime/4.1.2/istack-commons-runtime-4.1.2.jar:/home/tmribeiro/.m2/repository/jakarta/inject/jakarta.inject-api/2.0.1/jakarta.inject-api-2.0.1.jar:/home/tmribeiro/.m2/repository/org/antlr/antlr4-runtime/4.13.0/antlr4-runtime-4.13.0.jar:/home/tmribeiro/.m2/repository/org/springframework/data/spring-data-jpa/3.4.4/spring-data-jpa-3.4.4.jar:/home/tmribeiro/.m2/repository/org/springframework/data/spring-data-commons/3.4.4/spring-data-commons-3.4.4.jar:/home/tmribeiro/.m2/repository/org/springframework/spring-orm/6.2.5/spring-orm-6.2.5.jar:/home/tmribeiro/.m2/repository/org/springframework/spring-context/6.2.5/spring-context-6.2.5.jar:/home/tmribeiro/.m2/repository/org/springframework/spring-aop/6.2.5/spring-aop-6.2.5.jar:/home/tmribeiro/.m2/repository/org/springframework/spring-tx/6.2.5/spring-tx-6.2.5.jar:/home/tmribeiro/.m2/repository/org/springframework/spring-beans/6.2.5/spring-beans-6.2.5.jar:/home/tmribeiro/.m2/repository/org/slf4j/slf4j-api/2.0.17/slf4j-api-2.0.17.jar:/home/tmribeiro/.m2/repository/org/springframework/spring-aspects/6.2.5/spring-aspects-6.2.5.jar:/home/tmribeiro/.m2/repository/org/aspectj/aspectjweaver/1.9.23/aspectjweaver-1.9.23.jar:/home/tmribeiro/.m2/repository/org/springframework/boot/spring-boot-starter-web/3.4.4/spring-boot-starter-web-3.4.4.jar:/home/tmribeiro/.m2/repository/org/springframework/boot/spring-boot-starter-json/3.4.4/spring-boot-starter-json-3.4.4.jar:/home/tmribeiro/.m2/repository/com/fasterxml/jackson/core/jackson-databind/2.18.3/jackson-databind-2.18.3.jar:/home/tmribeiro/.m2/repository/com/fasterxml/jackson/core/jackson-annotations/2.18.3/jackson-annotations-2.18.3.jar:/home/tmribeiro/.m2/repository/com/fasterxml/jackson/core/jackson-core/2.18.3/jackson-core-2.18.3.jar:/home/tmribeiro/.m2/repository/com/fasterxml/jackson/datatype/jackson-datatype-jdk8/2.18.3/jackson-datatype-jdk8-2.18.3.jar:/home/tmribeiro/.m2/repository/com/fasterxml/jackson/datatype/jackson-datatype-jsr310/2.18.3/jackson-datatype-jsr310-2.18.3.jar:/home/tmribeiro/.m2/repository/com/fasterxml/jackson/module/jackson-module-parameter-names/2.18.3/jackson-module-parameter-names-2.18.3.jar:/home/tmribeiro/.m2/repository/org/springframework/boot/spring-boot-starter-tomcat/3.4.4/spring-boot-starter-tomcat-3.4.4.jar:/home/tmribeiro/.m2/repository/org/apache/tomcat/embed/tomcat-embed-core/10.1.39/tomcat-embed-core-10.1.39.jar:/home/tmribeiro/.m2/repository/org/apache/tomcat/embed/tomcat-embed-websocket/10.1.39/tomcat-embed-websocket-10.1.39.jar:/home/tmribeiro/.m2/repository/org/springframework/spring-web/6.2.5/spring-web-6.2.5.jar:/home/tmribeiro/.m2/repository/io/micrometer/micrometer-observation/1.14.5/micrometer-observation-1.14.5.jar:/home/tmribeiro/.m2/repository/io/micrometer/micrometer-commons/1.14.5/micrometer-commons-1.14.5.jar:/home/tmribeiro/.m2/repository/org/springframework/spring-webmvc/6.2.5/spring-webmvc-6.2.5.jar:/home/tmribeiro/.m2/repository/org/springframework/spring-expression/6.2.5/spring-expression-6.2.5.jar:/home/tmribeiro/.m2/repository/org/springframework/boot/spring-boot-starter-validation/3.4.4/spring-boot-starter-validation-3.4.4.jar:/home/tmribeiro/.m2/repository/org/apache/tomcat/embed/tomcat-embed-el/10.1.39/tomcat-embed-el-10.1.39.jar:/home/tmribeiro/.m2/repository/org/springframework/boot/spring-boot-starter-test/3.4.4/spring-boot-starter-test-3.4.4.jar:/home/tmribeiro/.m2/repository/org/springframework/boot/spring-boot-test/3.4.4/spring-boot-test-3.4.4.jar:/home/tmribeiro/.m2/repository/org/springframework/boot/spring-boot-test-autoconfigure/3.4.4/spring-boot-test-autoconfigure-3.4.4.jar:/home/tmribeiro/.m2/repository/com/jayway/jsonpath/json-path/2.9.0/json-path-2.9.0.jar:/home/tmribeiro/.m2/repository/jakarta/xml/bind/jakarta.xml.bind-api/4.0.2/jakarta.xml.bind-api-4.0.2.jar:/home/tmribeiro/.m2/repository/jakarta/activation/jakarta.activation-api/2.1.3/jakarta.activation-api-2.1.3.jar:/home/tmribeiro/.m2/repository/net/minidev/json-smart/2.5.2/json-smart-2.5.2.jar:/home/tmribeiro/.m2/repository/net/minidev/accessors-smart/2.5.2/accessors-smart-2.5.2.jar:/home/tmribeiro/.m2/repository/org/ow2/asm/asm/9.7.1/asm-9.7.1.jar:/home/tmribeiro/.m2/repository/org/assertj/assertj-core/3.26.3/assertj-core-3.26.3.jar:/home/tmribeiro/.m2/repository/org/awaitility/awaitility/4.2.2/awaitility-4.2.2.jar:/home/tmribeiro/.m2/repository/org/hamcrest/hamcrest/2.2/hamcrest-2.2.jar:/home/tmribeiro/.m2/repository/org/junit/jupiter/junit-jupiter/5.11.4/junit-jupiter-5.11.4.jar:/home/tmribeiro/.m2/repository/org/junit/jupiter/junit-jupiter-api/5.11.4/junit-jupiter-api-5.11.4.jar:/home/tmribeiro/.m2/repository/org/opentest4j/opentest4j/1.3.0/opentest4j-1.3.0.jar:/home/tmribeiro/.m2/repository/org/junit/platform/junit-platform-commons/1.11.4/junit-platform-commons-1.11.4.jar:/home/tmribeiro/.m2/repository/org/apiguardian/apiguardian-api/1.1.2/apiguardian-api-1.1.2.jar:/home/tmribeiro/.m2/repository/org/junit/jupiter/junit-jupiter-params/5.11.4/junit-jupiter-params-5.11.4.jar:/home/tmribeiro/.m2/repository/org/junit/jupiter/junit-jupiter-engine/5.11.4/junit-jupiter-engine-5.11.4.jar:/home/tmribeiro/.m2/repository/org/junit/platform/junit-platform-engine/1.11.4/junit-platform-engine-1.11.4.jar:/home/tmribeiro/.m2/repository/org/mockito/mockito-junit-jupiter/5.14.2/mockito-junit-jupiter-5.14.2.jar:/home/tmribeiro/.m2/repository/org/skyscreamer/jsonassert/1.5.3/jsonassert-1.5.3.jar:/home/tmribeiro/.m2/repository/com/vaadin/external/google/android-json/0.0.20131108.vaadin1/android-json-0.0.20131108.vaadin1.jar:/home/tmribeiro/.m2/repository/org/springframework/spring-core/6.2.5/spring-core-6.2.5.jar:/home/tmribeiro/.m2/repository/org/springframework/spring-jcl/6.2.5/spring-jcl-6.2.5.jar:/home/tmribeiro/.m2/repository/org/springframework/spring-test/6.2.5/spring-test-6.2.5.jar:/home/tmribeiro/.m2/repository/org/xmlunit/xmlunit-core/2.10.0/xmlunit-core-2.10.0.jar:/home/tmribeiro/.m2/repository/com/h2database/h2/2.3.232/h2-2.3.232.jar:/home/tmribeiro/.m2/repository/org/postgresql/postgresql/42.7.5/postgresql-42.7.5.jar:/home/tmribeiro/.m2/repository/org/checkerframework/checker-qual/3.48.3/checker-qual-3.48.3.jar:/home/tmribeiro/.m2/repository/org/projectlombok/lombok/1.18.36/lombok-1.18.36.jar:/home/tmribeiro/.m2/repository/org/modelmapper/modelmapper/3.1.1/modelmapper-3.1.1.jar:/home/tmribeiro/.m2/repository/org/hibernate/validator/hibernate-validator/8.0.0.Final/hibernate-validator-8.0.0.Final.jar:/home/tmribeiro/.m2/repository/jakarta/validation/jakarta.validation-api/3.0.2/jakarta.validation-api-3.0.2.jar:/home/tmribeiro/.m2/repository/org/jboss/logging/jboss-logging/3.6.1.Final/jboss-logging-3.6.1.Final.jar:/home/tmribeiro/.m2/repository/com/fasterxml/classmate/1.7.0/classmate-1.7.0.jar:/home/tmribeiro/.m2/repository/org/mockito/mockito-core/4.0.0/mockito-core-4.0.0.jar:/home/tmribeiro/.m2/repository/net/bytebuddy/byte-buddy/1.15.11/byte-buddy-1.15.11.jar:/home/tmribeiro/.m2/repository/net/bytebuddy/byte-buddy-agent/1.15.11/byte-buddy-agent-1.15.11.jar:/home/tmribeiro/.m2/repository/org/objenesis/objenesis/3.2/objenesis-3.2.jar:/home/tmribeiro/.m2/repository/org/springframework/boot/spring-boot-devtools/3.4.4/spring-boot-devtools-3.4.4.jar:/home/tmribeiro/.m2/repository/org/springframework/boot/spring-boot/3.4.4/spring-boot-3.4.4.jar:/home/tmribeiro/.m2/repository/org/springframework/boot/spring-boot-autoconfigure/3.4.4/spring-boot-autoconfigure-3.4.4.jar:"/>
    <property name="sun.cpu.endian" value="little"/>
    <property name="user.home" value="/home/tmribeiro"/>
    <property name="user.language" value="pt"/>
    <property name="java.specification.vendor" value="Oracle Corporation"/>
    <property name="java.version.date" value="2025-01-21"/>
    <property name="java.home" value="/usr/lib/jvm/java-17-openjdk-amd64"/>
    <property name="file.separator" value="/"/>
    <property name="basedir" value="/home/tmribeiro/Documentos/ifsp-2025/GRUAPIM/taskApi"/>
    <property name="java.vm.compressedOopsMode" value="Zero based"/>
    <property name="line.separator" value="&#10;"/>
    <property name="java.specification.name" value="Java Platform API Specification"/>
    <property name="java.vm.specification.vendor" value="Oracle Corporation"/>
    <property name="FILE_LOG_CHARSET" value="UTF-8"/>
    <property name="java.awt.headless" value="true"/>
    <property name="surefire.real.class.path" value="/home/tmribeiro/Documentos/ifsp-2025/GRUAPIM/taskApi/target/surefire/surefirebooter-20250423181021149_3.jar"/>
    <property name="sun.management.compiler" value="HotSpot 64-Bit Tiered Compilers"/>
    <property name="java.runtime.version" value="17.0.14+7-Ubuntu-124.04"/>
    <property name="user.name" value="tmribeiro"/>
    <property name="path.separator" value=":"/>
    <property name="os.version" value="6.8.0-57-generic"/>
    <property name="java.runtime.name" value="OpenJDK Runtime Environment"/>
    <property name="file.encoding" value="UTF-8"/>
    <property name="java.vm.name" value="OpenJDK 64-Bit Server VM"/>
    <property name="localRepository" value="/home/tmribeiro/.m2/repository"/>
    <property name="java.vendor.url.bug" value="https://bugs.launchpad.net/ubuntu/+source/openjdk-17"/>
    <property name="java.io.tmpdir" value="/tmp"/>
    <property name="com.zaxxer.hikari.pool_number" value="1"/>
    <property name="java.version" value="17.0.14"/>
    <property name="user.dir" value="/home/tmribeiro/Documentos/ifsp-2025/GRUAPIM/taskApi"/>
    <property name="os.arch" value="amd64"/>
    <property name="java.vm.specification.name" value="Java Virtual Machine Specification"/>
    <property name="PID" value="101436"/>
    <property name="CONSOLE_LOG_CHARSET" value="UTF-8"/>
    <property name="native.encoding" value="UTF-8"/>
    <property name="java.library.path" value="/usr/java/packages/lib:/usr/lib/x86_64-linux-gnu/jni:/lib/x86_64-linux-gnu:/usr/lib/x86_64-linux-gnu:/usr/lib/jni:/lib:/usr/lib"/>
    <property name="java.vm.info" value="mixed mode, sharing"/>
    <property name="java.vendor" value="Ubuntu"/>
    <property name="java.vm.version" value="17.0.14+7-Ubuntu-124.04"/>
    <property name="java.specification.maintenance.version" value="1"/>
    <property name="sun.io.unicode.encoding" value="UnicodeLittle"/>
    <property name="java.class.version" value="61.0"/>
  </properties>
  <testcase name="searchTasksByCategory" classname="com.ifsp.task.controller.TaskControllerTest" time="0.174">
    <system-out><![CDATA[2025-04-23T18:10:25.965-03:00  INFO 101436 --- [           main] t.c.s.AnnotationConfigContextLoaderUtils : Could not detect default configuration classes for test class [com.ifsp.task.controller.TaskControllerTest]: TaskControllerTest does not declare any static, non-private, non-final, nested classes annotated with @Configuration.
2025-04-23T18:10:25.996-03:00  INFO 101436 --- [           main] .b.t.c.SpringBootTestContextBootstrapper : Found @SpringBootConfiguration com.ifsp.task.TaskApplication for test class com.ifsp.task.controller.TaskControllerTest
2025-04-23T18:10:26.002-03:00  INFO 101436 --- [           main] o.s.b.d.r.RestartApplicationListener     : Restart disabled due to context in which it is running

  .   ____          _            __ _ _
 /\\ / ___'_ __ _ _(_)_ __  __ _ \ \ \ \
( ( )\___ | '_ | '_| | '_ \/ _` | \ \ \ \
 \\/  ___)| |_)| | | | | || (_| |  ) ) ) )
  '  |____| .__|_| |_|_| |_\__, | / / / /
 =========|_|==============|___/=/_/_/_/

 :: Spring Boot ::                (v3.4.4)

2025-04-23T18:10:26.029-03:00  INFO 101436 --- [           main] c.i.task.controller.TaskControllerTest   : Starting TaskControllerTest using Java 17.0.14 with PID 101436 (started by tmribeiro in /home/tmribeiro/Documentos/ifsp-2025/GRUAPIM/taskApi)
2025-04-23T18:10:26.029-03:00  INFO 101436 --- [           main] c.i.task.controller.TaskControllerTest   : No active profile set, falling back to 1 default profile: "default"
2025-04-23T18:10:26.298-03:00  INFO 101436 --- [           main] o.s.b.t.m.w.SpringBootMockServletContext : Initializing Spring TestDispatcherServlet ''
2025-04-23T18:10:26.298-03:00  INFO 101436 --- [           main] o.s.t.web.servlet.TestDispatcherServlet  : Initializing Servlet ''
2025-04-23T18:10:26.299-03:00  INFO 101436 --- [           main] o.s.t.web.servlet.TestDispatcherServlet  : Completed initialization in 1 ms
2025-04-23T18:10:26.312-03:00  INFO 101436 --- [           main] c.i.task.controller.TaskControllerTest   : Started TaskControllerTest in 0.31 seconds (process running for 5.09)
2025-04-23T18:10:26.413-03:00  WARN 101436 --- [           main] ration$PageModule$WarningLoggingModifier : Serializing PageImpl instances as-is is not supported, meaning that there is no guarantee about the stability of the resulting JSON structure!
	For a stable JSON structure, please use Spring Data's PagedModel (globally via @EnableSpringDataWebSupport(pageSerializationMode = VIA_DTO))
	or Spring HATEOAS and Spring Data's PagedResourcesAssembler as documented in https://docs.spring.io/spring-data/commons/reference/repositories/core-extensions.html#core.web.pageables.


MockHttpServletRequest:
      HTTP Method = GET
      Request URI = /api/tasks/search
       Parameters = {category=[Daily], page=[0], size=[2], sortBy=[priority]}
          Headers = []
             Body = null
    Session Attrs = {}

Handler:
             Type = com.ifsp.task.controller.TaskController
           Method = com.ifsp.task.controller.TaskController#getTasksByCategory(String, int, int, String)

Async:
    Async started = false
     Async result = null

Resolved Exception:
             Type = null

ModelAndView:
        View name = null
             View = null
            Model = null

FlashMap:
       Attributes = null

MockHttpServletResponse:
           Status = 200
    Error message = null
          Headers = [Content-Type:"application/json"]
     Content type = application/json
             Body = {"content":[{"id":1,"title":"Tirar o lixo","description":"Precisa retirar o lixo do banheiro","priority":"LOW","limitDate":"2025-04-24","category":"Daily","createdAt":"2025-04-23","complete":false},{"id":null,"title":"Tirar o lixo 2","description":"Precisa retirar o lixo do banheiro","priority":"LOW","limitDate":"2025-04-24","category":"Daily","createdAt":null,"complete":false}],"pageable":{"pageNumber":0,"pageSize":2,"sort":{"empty":true,"sorted":false,"unsorted":true},"offset":0,"paged":true,"unpaged":false},"totalPages":1,"totalElements":2,"last":true,"size":2,"number":0,"sort":{"empty":true,"sorted":false,"unsorted":true},"numberOfElements":2,"first":true,"empty":false}
    Forwarded URL = null
   Redirected URL = null
          Cookies = []
]]></system-out>
  </testcase>
  <testcase name="listPagedTasksandReturn" classname="com.ifsp.task.controller.TaskControllerTest" time="0.012">
    <system-out><![CDATA[
MockHttpServletRequest:
      HTTP Method = GET
      Request URI = /api/tasks
       Parameters = {page=[0], size=[2], sortBy=[priority]}
          Headers = []
             Body = null
    Session Attrs = {}

Handler:
             Type = com.ifsp.task.controller.TaskController
           Method = com.ifsp.task.controller.TaskController#getAllTasks(int, int, String)

Async:
    Async started = false
     Async result = null

Resolved Exception:
             Type = null

ModelAndView:
        View name = null
             View = null
            Model = null

FlashMap:
       Attributes = null

MockHttpServletResponse:
           Status = 200
    Error message = null
          Headers = [Content-Type:"application/json"]
     Content type = application/json
             Body = {"content":[{"id":1,"title":"Tirar o lixo","description":"Precisa retirar o lixo do banheiro","priority":"LOW","limitDate":"2025-04-24","category":"Daily","createdAt":"2025-04-23","complete":false},{"id":2,"title":"Tirar o lixo 2","description":"Precisa retirar o lixo do banheiro 2","priority":"LOW","limitDate":"2025-04-25","category":"Daily","createdAt":"2025-04-23","complete":false}],"pageable":{"pageNumber":0,"pageSize":2,"sort":{"empty":true,"sorted":false,"unsorted":true},"offset":0,"paged":true,"unpaged":false},"totalPages":1,"totalElements":2,"last":true,"size":2,"number":0,"sort":{"empty":true,"sorted":false,"unsorted":true},"numberOfElements":2,"first":true,"empty":false}
    Forwarded URL = null
   Redirected URL = null
          Cookies = []
]]></system-out>
  </testcase>
</testsuite>